<?xml version="1.0" encoding="UTF-8"?>
<!-- Generated by org.testng.reporters.JUnitXMLReporter -->
<testsuite ignored="0" hostname="VILAS" failures="0" tests="6" name="Default test" time="238.952" errors="0" timestamp="2023-05-02T18:00:50 IST">
  <testcase classname="Login.Registration" name="RegistrationPositive" time="79.354"/>
  <testcase classname="Login.Registration" name="RegistrationDuplicateUser" time="5.013"/>
  <testcase classname="Login.Registration" name="RegistrationInvalidPassword" time="1.11"/>
  <testcase classname="Login.Registration" name="RegistrationInvalidPhoneNumber" time="1.915"/>
  <testcase classname="Login.Registration" name="RegistrationBlankData" time="0.806"/>
  <testcase classname="Login.Registration" name="RegistrationIncorrectEmailID" time="1.26"/>
</testsuite> <!-- Default test -->
