<?xml version="1.0" encoding="UTF-8"?>
<!-- Generated by org.testng.reporters.JUnitXMLReporter -->
<testsuite ignored="0" hostname="VILAS" failures="1" tests="15" name="Test" time="363.67" errors="0" timestamp="2023-05-02T18:11:06 IST">
  <testcase classname="Login.Login" name="LoginBlanktData" time="15.313"/>
  <testcase classname="Login.Login" name="LoginBlanktData" time="15.266"/>
  <testcase classname="Login.Login" name="LoginBlanktData" time="15.24"/>
  <testcase classname="Login.Login" name="LoginCorrectData" time="20.283"/>
  <testcase classname="Login.Login" name="LoginInvalidData" time="10.289"/>
  <testcase classname="Login.Login" name="LoginInvalidData" time="10.296"/>
  <testcase classname="Login.Login" name="LoginInvalidData" time="10.305">
    <failure type="java.lang.AssertionError" message="expected [Login Failed] but found [Email Id or Username
Password
Login]">
      <![CDATA[java.lang.AssertionError: expected [Login Failed] but found [Email Id or Username
Password
Login]
at Login.Login.LoginInvalidData(Login.java:29)
at java.base/java.util.ArrayList.forEach(ArrayList.java:1511)
... Removed 33 stack frames]]>
    </failure>
  </testcase> <!-- LoginInvalidData -->
  <testcase classname="Login.Login" name="LoginPasswordWithLessCharacter" time="15.252"/>
  <testcase classname="Login.Login" name="LoginPasswordWithLessCharacter" time="15.333"/>
  <testcase classname="Login.Registration" name="RegistrationPositive" time="76.883"/>
  <testcase classname="Login.Registration" name="RegistrationDuplicateUser" time="5.24"/>
  <testcase classname="Login.Registration" name="RegistrationInvalidPassword" time="1.019"/>
  <testcase classname="Login.Registration" name="RegistrationInvalidPhoneNumber" time="1.054"/>
  <testcase classname="Login.Registration" name="RegistrationBlankData" time="0.752"/>
  <testcase classname="Login.Registration" name="RegistrationIncorrectEmailID" time="1.107"/>
</testsuite> <!-- Test -->
